app/build/intermediates/manifest_merge_blame_file/debug/processDebugMainManifest/manifest-merger-blame-debug-report.txt
1<?xml version="1.0" encoding="utf-8"?>
2<manifest xmlns:android="http://schemas.android.com/apk/res/android"
3    package="com.bookworm.app"
4    android:versionCode="1"
5    android:versionName="1.0.0" >
6
7    <uses-sdk
8        android:minSdkVersion="24"
9        android:targetSdkVersion="35" />
10
11    <!-- Internet permission — needed if you ever switch to a live server URL -->
12    <uses-permission android:name="android.permission.INTERNET" />
12-->src\main\AndroidManifest.xml:5:5-66
12-->src\main\AndroidManifest.xml:5:22-64
13    <!-- Allow loading local file:// assets in WebView -->
14    <uses-permission android:name="android.permission.ACCESS_NETWORK_STATE" />
14-->src\main\AndroidManifest.xml:7:5-78
14-->src\main\AndroidManifest.xml:7:22-76
15
16    <permission
16-->[androidx.core:core:1.16.0] AndroidManifest.xml:22:5-24:47
17        android:name="com.bookworm.app.DYNAMIC_RECEIVER_NOT_EXPORTED_PERMISSION"
17-->[androidx.core:core:1.16.0] AndroidManifest.xml:23:9-81
18        android:protectionLevel="signature" />
18-->[androidx.core:core:1.16.0] AndroidManifest.xml:24:9-44
19
20    <uses-permission android:name="com.bookworm.app.DYNAMIC_RECEIVER_NOT_EXPORTED_PERMISSION" />
20-->[androidx.core:core:1.16.0] AndroidManifest.xml:26:5-97
20-->[androidx.core:core:1.16.0] AndroidManifest.xml:26:22-94
21
22    <application
22-->src\main\AndroidManifest.xml:9:5-32:19
23        android:name="com.bookworm.app.BookWormApplication"
23-->src\main\AndroidManifest.xml:10:9-44
24        android:allowBackup="true"
24-->src\main\AndroidManifest.xml:11:9-35
25        android:appComponentFactory="androidx.core.app.CoreComponentFactory"
25-->[androidx.core:core:1.16.0] AndroidManifest.xml:28:18-86
26        android:debuggable="true"
27        android:extractNativeLibs="false"
28        android:hardwareAccelerated="true"
28-->src\main\AndroidManifest.xml:17:9-43
29        android:icon="@mipmap/ic_launcher"
29-->src\main\AndroidManifest.xml:12:9-43
30        android:label="@string/app_name"
30-->src\main\AndroidManifest.xml:13:9-41
31        android:roundIcon="@mipmap/ic_launcher_round"
31-->src\main\AndroidManifest.xml:14:9-54
32        android:supportsRtl="true"
32-->src\main\AndroidManifest.xml:15:9-35
33        android:theme="@style/Theme.BookWorm" >
33-->src\main\AndroidManifest.xml:16:9-46
34        <activity
34-->src\main\AndroidManifest.xml:19:9-30:20
35            android:name="com.bookworm.app.MainActivity"
35-->src\main\AndroidManifest.xml:20:13-41
36            android:exported="true"
36-->src\main\AndroidManifest.xml:21:13-36
37            android:screenOrientation="portrait"
37-->src\main\AndroidManifest.xml:23:13-49
38            android:theme="@style/Theme.BookWorm.Splash"
38-->src\main\AndroidManifest.xml:24:13-57
39            android:windowSoftInputMode="adjustResize" >
39-->src\main\AndroidManifest.xml:22:13-55
40            <intent-filter>
40-->src\main\AndroidManifest.xml:26:13-29:29
41                <action android:name="android.intent.action.MAIN" />
41-->src\main\AndroidManifest.xml:27:17-68
41-->src\main\AndroidManifest.xml:27:25-66
42
43                <category android:name="android.intent.category.LAUNCHER" />
43-->src\main\AndroidManifest.xml:28:17-76
43-->src\main\AndroidManifest.xml:28:27-74
44            </intent-filter>
45        </activity>
46
47        <provider
47-->[androidx.emoji2:emoji2:1.3.0] AndroidManifest.xml:24:9-32:20
48            android:name="androidx.startup.InitializationProvider"
48-->[androidx.emoji2:emoji2:1.3.0] AndroidManifest.xml:25:13-67
49            android:authorities="com.bookworm.app.androidx-startup"
49-->[androidx.emoji2:emoji2:1.3.0] AndroidManifest.xml:26:13-68
50            android:exported="false" >
50-->[androidx.emoji2:emoji2:1.3.0] AndroidManifest.xml:27:13-37
51            <meta-data
51-->[androidx.emoji2:emoji2:1.3.0] AndroidManifest.xml:29:13-31:52
52                android:name="androidx.emoji2.text.EmojiCompatInitializer"
52-->[androidx.emoji2:emoji2:1.3.0] AndroidManifest.xml:30:17-75
53                android:value="androidx.startup" />
53-->[androidx.emoji2:emoji2:1.3.0] AndroidManifest.xml:31:17-49
54            <meta-data
54-->[androidx.lifecycle:lifecycle-process:2.6.2] AndroidManifest.xml:29:13-31:52
55                android:name="androidx.lifecycle.ProcessLifecycleInitializer"
55-->[androidx.lifecycle:lifecycle-process:2.6.2] AndroidManifest.xml:30:17-78
56                android:value="androidx.startup" />
56-->[androidx.lifecycle:lifecycle-process:2.6.2] AndroidManifest.xml:31:17-49
57            <meta-data
57-->[androidx.profileinstaller:profileinstaller:1.4.0] AndroidManifest.xml:29:13-31:52
58                android:name="androidx.profileinstaller.ProfileInstallerInitializer"
58-->[androidx.profileinstaller:profileinstaller:1.4.0] AndroidManifest.xml:30:17-85
59                android:value="androidx.startup" />
59-->[androidx.profileinstaller:profileinstaller:1.4.0] AndroidManifest.xml:31:17-49
60        </provider>
61
62        <receiver
62-->[androidx.profileinstaller:profileinstaller:1.4.0] AndroidManifest.xml:34:9-52:20
63            android:name="androidx.profileinstaller.ProfileInstallReceiver"
63-->[androidx.profileinstaller:profileinstaller:1.4.0] AndroidManifest.xml:35:13-76
64            android:directBootAware="false"
64-->[androidx.profileinstaller:profileinstaller:1.4.0] AndroidManifest.xml:36:13-44
65            android:enabled="true"
65-->[androidx.profileinstaller:profileinstaller:1.4.0] AndroidManifest.xml:37:13-35
66            android:exported="true"
66-->[androidx.profileinstaller:profileinstaller:1.4.0] AndroidManifest.xml:38:13-36
67            android:permission="android.permission.DUMP" >
67-->[androidx.profileinstaller:profileinstaller:1.4.0] AndroidManifest.xml:39:13-57
68            <intent-filter>
68-->[androidx.profileinstaller:profileinstaller:1.4.0] AndroidManifest.xml:40:13-42:29
69                <action android:name="androidx.profileinstaller.action.INSTALL_PROFILE" />
69-->[androidx.profileinstaller:profileinstaller:1.4.0] AndroidManifest.xml:41:17-91
69-->[androidx.profileinstaller:profileinstaller:1.4.0] AndroidManifest.xml:41:25-88
70            </intent-filter>
71            <intent-filter>
71-->[androidx.profileinstaller:profileinstaller:1.4.0] AndroidManifest.xml:43:13-45:29
72                <action android:name="androidx.profileinstaller.action.SKIP_FILE" />
72-->[androidx.profileinstaller:profileinstaller:1.4.0] AndroidManifest.xml:44:17-85
72-->[androidx.profileinstaller:profileinstaller:1.4.0] AndroidManifest.xml:44:25-82
73            </intent-filter>
74            <intent-filter>
74-->[androidx.profileinstaller:profileinstaller:1.4.0] AndroidManifest.xml:46:13-48:29
75                <action android:name="androidx.profileinstaller.action.SAVE_PROFILE" />
75-->[androidx.profileinstaller:profileinstaller:1.4.0] AndroidManifest.xml:47:17-88
75-->[androidx.profileinstaller:profileinstaller:1.4.0] AndroidManifest.xml:47:25-85
76            </intent-filter>
77            <intent-filter>
77-->[androidx.profileinstaller:profileinstaller:1.4.0] AndroidManifest.xml:49:13-51:29
78                <action android:name="androidx.profileinstaller.action.BENCHMARK_OPERATION" />
78-->[androidx.profileinstaller:profileinstaller:1.4.0] AndroidManifest.xml:50:17-95
78-->[androidx.profileinstaller:profileinstaller:1.4.0] AndroidManifest.xml:50:25-92
79            </intent-filter>
80        </receiver>
81    </application>
82
83</manifest>